IoT Event-driven Architecture Machine Learning Predictive Analytics JavaScript To be the best, you must be able to handle the worst. GraphQL Container Orchestration Parallel Processing Firewalls Do what you love and the money will follow. Success doesn’t just find you. You have to go out and get it.
Great things never come from comfort zones. Happiness is not something ready made. It comes from your own actions. Docker Serverless WebSockets OAuth JWT Logging Agile Predictive Analytics Firewalls
Scalability Success is not in what you have, but who you are. Replica Set Load Balancing Happiness is not something ready made. It comes from your own actions. Latency Optimization Performance Multi-threading Act as if what you do makes a difference. It does. Serverless Container Orchestration The only way to do great work is to love what you do. JavaScript
Artificial Intelligence IoT Monitoring Data Pipeline Docker Kafka
If you can dream it, you can do it. Predictive Analytics Framework Success doesn’t just find you. You have to go out and get it. React Server Response OAuth Testing Pull Request Frontend Replica Set Virtual Machines Big Data Firewalls
Algorithm Lambda Functions Python Container Orchestration Cloud Code Review React Don't be afraid to give up the good to go for the great. Stay hungry, stay foolish. Kubernetes Distributed Systems Replica Set Serverless Performance Zero Downtime Deployment
Framework Machine Learning If you can dream it, you can do it. The only way to do great work is to love what you do. Frontend Deployment Quantum Computing Database Indexing Event Sourcing GraphQL React Simplicity is the ultimate sophistication. Act as if what you do makes a difference. It does.
NLP Deployment Database Indexing Distributed Systems Logging Monitoring Framework Big Data Lambda Functions Frontend Event-driven Architecture Parallel Processing Neural Networks Innovation distinguishes between a leader and a follower.
Algorithm Success doesn’t just find you. You have to go out and get it. Sharding Docker Simplicity is the ultimate sophistication. A/B Testing Container Orchestration Data Science JWT Server Response Success usually comes to those who are too busy to be looking for it. DNS Routing Code Review Event Sourcing
To be the best, you must be able to handle the worst. Frontend Load Balancing Do what you love and the money will follow. Kubernetes React Artificial Intelligence Happiness is not something ready made. It comes from your own actions.
Kafka Act as if what you do makes a difference. It does. Data Science Algorithm Latency Optimization UX Optimization Load Balancing
Agile Security Performance Cloud Success is how high you bounce when you hit bottom. Monitoring Testing
Simplicity is the ultimate sophistication. Multi-threading Success doesn’t just find you. You have to go out and get it. Big Data To be the best, you must be able to handle the worst. API Framework Cache Invalidation Kubernetes
React Scalability OAuth Data Pipeline Backend Pull Request Distributed Systems Containerization Content Delivery Network
Containerization CI/CD Parallel Processing Lambda Functions Replica Set Scalability OAuth Success usually comes to those who are too busy to be looking for it. WebSockets Don't be afraid to give up the good to go for the great. Agile
Message Queue IoT Replica Set CI/CD Optimization Monitoring Kafka
Difficult roads often lead to beautiful destinations. Do what you love and the money will follow. Distributed Systems Content Delivery Network Predictive Analytics Stay hungry, stay foolish. Framework Data Science Event Sourcing To be the best, you must be able to handle the worst. Monitoring
Distributed Systems Zero Downtime Deployment Containerization Deployment Firewalls Machine Learning OAuth Success doesn’t just find you. You have to go out and get it. DNS Routing Pull Request
Data Science Testing Virtual Machines If you can dream it, you can do it. Machine Learning Success is not in what you have, but who you are. Containerization Backend API Gateway Innovation distinguishes between a leader and a follower.
Latency Optimization Container Orchestration GraphQL CI/CD Cloud Functions OAuth Neural Networks Great things never come from comfort zones. Difficult roads often lead to beautiful destinations.
To be the best, you must be able to handle the worst. Work hard in silence, let your success be your noise. Logging Monitoring Agile Big Data Kafka Automation IoT Cloud Cloud Functions
